0 info it worked if it ends with ok
1 verbose cli [ 'C:\\Program Files\\nodejs\\node.exe',
1 verbose cli   'C:\\Program Files\\nodejs\\node_modules\\npm\\bin\\npm-cli.js',
1 verbose cli   'install',
1 verbose cli   'express-gzip' ]
2 info using npm@1.1.69
3 info using node@v0.8.16
4 verbose read json E:\wamp32\www\wp-front\package.json
5 verbose read json E:\wamp32\www\wp-front\node_modules\ejs\package.json
6 verbose read json E:\wamp32\www\wp-front\node_modules\express\package.json
7 verbose read json E:\wamp32\www\wp-front\node_modules\gzippo\package.json
8 verbose read json E:\wamp32\www\wp-front\node_modules\jquery\package.json
9 verbose read json E:\wamp32\www\wp-front\node_modules\less\package.json
10 verbose read json E:\wamp32\www\wp-front\node_modules\memory-cache\package.json
11 verbose read json E:\wamp32\www\wp-front\node_modules\path\package.json
12 verbose read json E:\wamp32\www\wp-front\node_modules\request\package.json
13 verbose from cache E:\wamp32\www\wp-front\package.json
14 verbose readDependencies using package.json deps
15 verbose cache add [ 'express-gzip', null ]
16 silly cache add name=undefined spec="express-gzip" args=["express-gzip",null]
17 verbose parsed url { pathname: 'express-gzip',
17 verbose parsed url   path: 'express-gzip',
17 verbose parsed url   href: 'express-gzip' }
18 silly lockFile 170a85ea-express-gzip express-gzip
19 verbose lock express-gzip C:\Users\Steffen\AppData\Roaming\npm-cache\170a85ea-express-gzip.lock
20 silly lockFile 170a85ea-express-gzip express-gzip
21 verbose addNamed [ 'express-gzip', '' ]
22 verbose addNamed [ null, '' ]
23 silly lockFile 72ea54eb-express-gzip express-gzip@
24 verbose lock express-gzip@ C:\Users\Steffen\AppData\Roaming\npm-cache\72ea54eb-express-gzip.lock
25 silly addNameRange { name: 'express-gzip', range: '', hasData: false }
26 verbose url raw express-gzip
27 verbose url resolving [ 'https://registry.npmjs.org/', './express-gzip' ]
28 verbose url resolved https://registry.npmjs.org/express-gzip
29 info trying registry request attempt 1 at 18:57:41
30 http GET https://registry.npmjs.org/express-gzip
31 http 404 https://registry.npmjs.org/express-gzip
32 silly registry.get cb [ 404,
32 silly registry.get   { server: 'CouchDB/1.3.0 (Erlang OTP/R15B03)',
32 silly registry.get     date: 'Tue, 07 May 2013 17:57:40 GMT',
32 silly registry.get     'content-type': 'application/json',
32 silly registry.get     'content-length': '52',
32 silly registry.get     'cache-control': 'must-revalidate' } ]
33 silly lockFile 72ea54eb-express-gzip express-gzip@
34 error 404 'express-gzip' is not in the npm registry.
34 error 404 You should bug the author to publish it
34 error 404
34 error 404 Note that you can also install from a
34 error 404 tarball, folder, or http url, or git url.
35 error System Windows_NT 6.2.9200
36 error command "C:\\Program Files\\nodejs\\node.exe" "C:\\Program Files\\nodejs\\node_modules\\npm\\bin\\npm-cli.js" "install" "express-gzip"
37 error cwd E:\wamp32\www\wp-front
38 error node -v v0.8.16
39 error npm -v 1.1.69
40 error code E404
41 verbose exit [ 1, true ]
